This file contains any messages produced by compilers while
running configure, to aid debugging if configure makes a mistake.

It was created by marisa configure 0.2.4, which was
generated by GNU Autoconf 2.68.  Invocation command line was

  $ ./configure 

## --------- ##
## Platform. ##
## --------- ##

hostname = unknown
uname -m = x86_64
uname -r = 12.5.0
uname -s = Darwin
uname -v = Darwin Kernel Version 12.5.0: Mon Jul 29 16:33:49 PDT 2013; root:xnu-2050.48.11~1/RELEASE_X86_64

/usr/bin/uname -p = i386
/bin/uname -X     = unknown

/bin/arch              = unknown
/usr/bin/arch -k       = unknown
/usr/convex/getsysinfo = unknown
/usr/bin/hostinfo      = Mach kernel version:
	 Darwin Kernel Version 12.5.0: Mon Jul 29 16:33:49 PDT 2013; root:xnu-2050.48.11~1/RELEASE_X86_64
Kernel configured for up to 8 processors.
4 processors are physically available.
8 processors are logically available.
Processor type: i486 (Intel 80486)
Processors active: 0 1 2 3 4 5 6 7
Primary memory available: 16.00 gigabytes
Default processor set: 203 tasks, 1324 threads, 8 processors
Load average: 2.28, Mach factor: 5.70
/bin/machine           = unknown
/usr/bin/oslevel       = unknown
/bin/universe          = unknown

PATH: /Users/andrew/stripe/henson/bin
PATH: /Users/andrew/.rbenv/shims
PATH: /Users/andrew/.rbenv/bin
PATH: /usr/bin
PATH: /bin
PATH: /usr/sbin
PATH: /sbin
PATH: /usr/local/bin
PATH: /opt/X11/bin
PATH: /usr/local/MacGPG2/bin
PATH: ./node_modules/.bin
PATH: /Users/andrew/stripe/password-vault/bin
PATH: /Users/andrew/stripe/space-commander/bin
PATH: /Users/andrew/stripe/henson/bin
PATH: /Users/andrew/stripe/pay-server/scripts/bin
PATH: /usr/local/hadoop/bin
PATH: /Users/andrew/stripe/hdfsync/bin
PATH: /Users/andrew/code/android/sdk/platform-tools


## ----------- ##
## Core tests. ##
## ----------- ##

configure:2284: checking for a BSD-compatible install
configure:2352: result: /usr/bin/install -c
configure:2363: checking whether build environment is sane
configure:2413: result: yes
configure:2554: checking for a thread-safe mkdir -p
configure:2593: result: ./install-sh -c -d
configure:2606: checking for gawk
configure:2636: result: no
configure:2606: checking for mawk
configure:2636: result: no
configure:2606: checking for nawk
configure:2636: result: no
configure:2606: checking for awk
configure:2622: found /usr/bin/awk
configure:2633: result: awk
configure:2644: checking whether make sets $(MAKE)
configure:2666: result: yes
configure:2777: checking build system type
configure:2791: result: x86_64-apple-darwin12.5.0
configure:2811: checking host system type
configure:2824: result: x86_64-apple-darwin12.5.0
configure:2865: checking how to print strings
configure:2892: result: printf
configure:2925: checking for style of include used by make
configure:2953: result: GNU
configure:3024: checking for gcc
configure:3040: found /usr/bin/gcc
configure:3051: result: gcc
configure:3280: checking for C compiler version
configure:3289: gcc --version >&5
i686-apple-darwin11-llvm-gcc-4.2 (GCC) 4.2.1 (Based on Apple Inc. build 5658) (LLVM build 2336.11.00)
Copyright (C) 2007 Free Software Foundation, Inc.
This is free software; see the source for copying conditions.  There is NO
warranty; not even for MERCHANTABILITY or FITNESS FOR A PARTICULAR PURPOSE.

configure:3300: $? = 0
configure:3289: gcc -v >&5
Using built-in specs.
Target: i686-apple-darwin11
Configured with: /private/var/tmp/llvmgcc42/llvmgcc42-2336.11~182/src/configure --disable-checking --enable-werror --prefix=/Applications/Xcode.app/Contents/Developer/usr/llvm-gcc-4.2 --mandir=/share/man --enable-languages=c,objc,c++,obj-c++ --program-prefix=llvm- --program-transform-name=/^[cg][^.-]*$/s/$/-4.2/ --with-slibdir=/usr/lib --build=i686-apple-darwin11 --enable-llvm=/private/var/tmp/llvmgcc42/llvmgcc42-2336.11~182/dst-llvmCore/Developer/usr/local --program-prefix=i686-apple-darwin11- --host=x86_64-apple-darwin11 --target=i686-apple-darwin11 --with-gxx-include-dir=/usr/include/c++/4.2.1
Thread model: posix
gcc version 4.2.1 (Based on Apple Inc. build 5658) (LLVM build 2336.11.00)
configure:3300: $? = 0
configure:3289: gcc -V >&5
llvm-gcc-4.2: argument to `-V' is missing
configure:3300: $? = 1
configure:3289: gcc -qversion >&5
i686-apple-darwin11-llvm-gcc-4.2: no input files
configure:3300: $? = 1
configure:3320: checking whether the C compiler works
configure:3342: gcc    conftest.c  >&5
configure:3346: $? = 0
configure:3394: result: yes
configure:3397: checking for C compiler default output file name
configure:3399: result: a.out
configure:3405: checking for suffix of executables
configure:3412: gcc -o conftest    conftest.c  >&5
configure:3416: $? = 0
configure:3438: result: 
configure:3460: checking whether we are cross compiling
configure:3468: gcc -o conftest    conftest.c  >&5
configure:3472: $? = 0
configure:3479: ./conftest
configure:3483: $? = 0
configure:3498: result: no
configure:3503: checking for suffix of object files
configure:3525: gcc -c   conftest.c >&5
configure:3529: $? = 0
configure:3550: result: o
configure:3554: checking whether we are using the GNU C compiler
configure:3573: gcc -c   conftest.c >&5
configure:3573: $? = 0
configure:3582: result: yes
configure:3591: checking whether gcc accepts -g
configure:3611: gcc -c -g  conftest.c >&5
configure:3611: $? = 0
configure:3652: result: yes
configure:3669: checking for gcc option to accept ISO C89
configure:3733: gcc  -c -g -O2  conftest.c >&5
configure:3733: $? = 0
configure:3746: result: none needed
configure:3768: checking dependency style of gcc
configure:3879: result: gcc3
configure:3894: checking for a sed that does not truncate output
configure:3958: result: /usr/bin/sed
configure:3976: checking for grep that handles long lines and -e
configure:4034: result: /usr/bin/grep
configure:4039: checking for egrep
configure:4101: result: /usr/bin/grep -E
configure:4106: checking for fgrep
configure:4168: result: /usr/bin/grep -F
configure:4203: checking for ld used by gcc
configure:4270: result: /usr/llvm-gcc-4.2/libexec/gcc/i686-apple-darwin11/4.2.1/ld
configure:4277: checking if the linker (/usr/llvm-gcc-4.2/libexec/gcc/i686-apple-darwin11/4.2.1/ld) is GNU ld
configure:4292: result: no
configure:4304: checking for BSD- or MS-compatible name lister (nm)
configure:4353: result: /usr/bin/nm
configure:4483: checking the name lister (/usr/bin/nm) interface
configure:4490: gcc -c -g -O2  conftest.c >&5
configure:4493: /usr/bin/nm "conftest.o"
configure:4496: output
00000000000001a4 S _some_variable
configure:4503: result: BSD nm
configure:4506: checking whether ln -s works
configure:4510: result: yes
configure:4518: checking the maximum length of command line arguments
configure:4648: result: 196608
configure:4665: checking whether the shell understands some XSI constructs
configure:4675: result: yes
configure:4679: checking whether the shell understands "+="
configure:4685: result: yes
configure:4720: checking how to convert x86_64-apple-darwin12.5.0 file names to x86_64-apple-darwin12.5.0 format
configure:4760: result: func_convert_file_noop
configure:4767: checking how to convert x86_64-apple-darwin12.5.0 file names to toolchain format
configure:4787: result: func_convert_file_noop
configure:4794: checking for /usr/llvm-gcc-4.2/libexec/gcc/i686-apple-darwin11/4.2.1/ld option to reload object files
configure:4801: result: -r
configure:4875: checking for objdump
configure:4905: result: no
configure:4934: checking how to recognize dependent libraries
configure:5136: result: pass_all
configure:5221: checking for dlltool
configure:5251: result: no
configure:5281: checking how to associate runtime and link libraries
configure:5308: result: printf %s\n
configure:5369: checking for ar
configure:5385: found /usr/bin/ar
configure:5396: result: ar
configure:5433: checking for archiver @FILE support
configure:5450: gcc -c -g -O2  conftest.c >&5
configure:5450: $? = 0
configure:5453: ar cru libconftest.a @conftest.lst >&5
ar: @conftest.lst: No such file or directory
configure:5456: $? = 1
configure:5476: result: no
configure:5534: checking for strip
configure:5550: found /usr/bin/strip
configure:5561: result: strip
configure:5633: checking for ranlib
configure:5649: found /usr/bin/ranlib
configure:5660: result: ranlib
configure:5762: checking command to parse /usr/bin/nm output from gcc object
configure:5882: gcc -c -g -O2  conftest.c >&5
configure:5885: $? = 0
configure:5889: /usr/bin/nm conftest.o \| sed -n -e 's/^.*[ ]\([BCDEGRST][BCDEGRST]*\)[ ][ ]*\([_A-Za-z][_A-Za-z0-9]*\)$/\1 \2 \2/p' | sed '/ __gnu_lto/d' \> conftest.nm
configure:5892: $? = 0
cannot find nm_test_var in conftest.nm
configure:5882: gcc -c -g -O2  conftest.c >&5
configure:5885: $? = 0
configure:5889: /usr/bin/nm conftest.o \| sed -n -e 's/^.*[ ]\([BCDEGRST][BCDEGRST]*\)[ ][ ]*_\([_A-Za-z][_A-Za-z0-9]*\)$/\1 _\2 \2/p' | sed '/ __gnu_lto/d' \> conftest.nm
configure:5892: $? = 0
configure:5958: gcc -o conftest -g -O2   conftest.c conftstm.o >&5
configure:5961: $? = 0
configure:5999: result: ok
configure:6036: checking for sysroot
configure:6066: result: no
configure:6322: checking for mt
configure:6352: result: no
configure:6372: checking if : is a manifest tool
configure:6378: : '-?'
configure:6386: result: no
configure:6442: checking for dsymutil
configure:6458: found /usr/bin/dsymutil
configure:6469: result: dsymutil
configure:6534: checking for nmedit
configure:6550: found /usr/bin/nmedit
configure:6561: result: nmedit
configure:6626: checking for lipo
configure:6642: found /usr/bin/lipo
configure:6653: result: lipo
configure:6718: checking for otool
configure:6734: found /usr/bin/otool
configure:6745: result: otool
configure:6810: checking for otool64
configure:6840: result: no
configure:6885: checking for -single_module linker flag
gcc -g -O2  -o libconftest.dylib -dynamiclib -Wl,-single_module conftest.c
configure:6918: result: yes
configure:6921: checking for -exported_symbols_list linker flag
configure:6941: gcc -o conftest -g -O2   -Wl,-exported_symbols_list,conftest.sym conftest.c  >&5
configure:6941: $? = 0
configure:6951: result: yes
configure:6954: checking for -force_load linker flag
gcc -g -O2 -c -o conftest.o conftest.c
ar cru libconftest.a conftest.o
ranlib libconftest.a
gcc -g -O2  -o conftest conftest.c -Wl,-force_load,./libconftest.a
configure:6986: result: yes
configure:7028: checking how to run the C preprocessor
configure:7059: gcc -E  conftest.c
configure:7059: $? = 0
configure:7073: gcc -E  conftest.c
conftest.c:11:28: error: ac_nonexistent.h: No such file or directory
configure:7073: $? = 1
configure: failed program was:
| /* confdefs.h */
| #define PACKAGE_NAME "marisa"
| #define PACKAGE_TARNAME "marisa"
| #define PACKAGE_VERSION "0.2.4"
| #define PACKAGE_STRING "marisa 0.2.4"
| #define PACKAGE_BUGREPORT "syata@acm.org"
| #define PACKAGE_URL ""
| #define PACKAGE "marisa"
| #define VERSION "0.2.4"
| /* end confdefs.h.  */
| #include <ac_nonexistent.h>
configure:7098: result: gcc -E
configure:7118: gcc -E  conftest.c
configure:7118: $? = 0
configure:7132: gcc -E  conftest.c
conftest.c:11:28: error: ac_nonexistent.h: No such file or directory
configure:7132: $? = 1
configure: failed program was:
| /* confdefs.h */
| #define PACKAGE_NAME "marisa"
| #define PACKAGE_TARNAME "marisa"
| #define PACKAGE_VERSION "0.2.4"
| #define PACKAGE_STRING "marisa 0.2.4"
| #define PACKAGE_BUGREPORT "syata@acm.org"
| #define PACKAGE_URL ""
| #define PACKAGE "marisa"
| #define VERSION "0.2.4"
| /* end confdefs.h.  */
| #include <ac_nonexistent.h>
configure:7161: checking for ANSI C header files
configure:7181: gcc -c -g -O2  conftest.c >&5
configure:7181: $? = 0
configure:7254: gcc -o conftest -g -O2   conftest.c  >&5
configure:7254: $? = 0
configure:7254: ./conftest
configure:7254: $? = 0
configure:7265: result: yes
configure:7278: checking for sys/types.h
configure:7278: gcc -c -g -O2  conftest.c >&5
configure:7278: $? = 0
configure:7278: result: yes
configure:7278: checking for sys/stat.h
configure:7278: gcc -c -g -O2  conftest.c >&5
configure:7278: $? = 0
configure:7278: result: yes
configure:7278: checking for stdlib.h
configure:7278: gcc -c -g -O2  conftest.c >&5
configure:7278: $? = 0
configure:7278: result: yes
configure:7278: checking for string.h
configure:7278: gcc -c -g -O2  conftest.c >&5
configure:7278: $? = 0
configure:7278: result: yes
configure:7278: checking for memory.h
configure:7278: gcc -c -g -O2  conftest.c >&5
configure:7278: $? = 0
configure:7278: result: yes
configure:7278: checking for strings.h
configure:7278: gcc -c -g -O2  conftest.c >&5
configure:7278: $? = 0
configure:7278: result: yes
configure:7278: checking for inttypes.h
configure:7278: gcc -c -g -O2  conftest.c >&5
configure:7278: $? = 0
configure:7278: result: yes
configure:7278: checking for stdint.h
configure:7278: gcc -c -g -O2  conftest.c >&5
configure:7278: $? = 0
configure:7278: result: yes
configure:7278: checking for unistd.h
configure:7278: gcc -c -g -O2  conftest.c >&5
configure:7278: $? = 0
configure:7278: result: yes
configure:7292: checking for dlfcn.h
configure:7292: gcc -c -g -O2  conftest.c >&5
configure:7292: $? = 0
configure:7292: result: yes
configure:7498: checking for objdir
configure:7513: result: .libs
configure:7784: checking if gcc supports -fno-rtti -fno-exceptions
configure:7802: gcc -c -g -O2  -fno-rtti -fno-exceptions conftest.c >&5
cc1: warning: command line option "-fno-rtti" is valid for C++/ObjC++ but not for C
configure:7806: $? = 0
configure:7819: result: no
configure:8146: checking for gcc option to produce PIC
configure:8153: result: -fno-common -DPIC
configure:8161: checking if gcc PIC flag -fno-common -DPIC works
configure:8179: gcc -c -g -O2  -fno-common -DPIC -DPIC conftest.c >&5
configure:8183: $? = 0
configure:8196: result: yes
configure:8225: checking if gcc static flag -static works
configure:8253: result: no
configure:8268: checking if gcc supports -c -o file.o
configure:8289: gcc -c -g -O2  -o out/conftest2.o conftest.c >&5
configure:8293: $? = 0
configure:8315: result: yes
configure:8323: checking if gcc supports -c -o file.o
configure:8370: result: yes
configure:8403: checking whether the gcc linker (/usr/llvm-gcc-4.2/libexec/gcc/i686-apple-darwin11/4.2.1/ld) supports shared libraries
configure:9560: result: yes
configure:9800: checking dynamic linker characteristics
configure:10545: result: darwin12.5.0 dyld
configure:10652: checking how to hardcode library paths into programs
configure:10677: result: immediate
configure:11217: checking whether stripping libraries is possible
configure:11231: result: yes
configure:11257: checking if libtool supports shared libraries
configure:11259: result: yes
configure:11262: checking whether to build shared libraries
configure:11283: result: yes
configure:11286: checking whether to build static libraries
configure:11290: result: yes
configure:11385: checking for g++
configure:11401: found /usr/bin/g++
configure:11412: result: g++
configure:11439: checking for C++ compiler version
configure:11448: g++ --version >&5
i686-apple-darwin11-llvm-g++-4.2 (GCC) 4.2.1 (Based on Apple Inc. build 5658) (LLVM build 2336.11.00)
Copyright (C) 2007 Free Software Foundation, Inc.
This is free software; see the source for copying conditions.  There is NO
warranty; not even for MERCHANTABILITY or FITNESS FOR A PARTICULAR PURPOSE.

configure:11459: $? = 0
configure:11448: g++ -v >&5
Using built-in specs.
Target: i686-apple-darwin11
Configured with: /private/var/tmp/llvmgcc42/llvmgcc42-2336.11~182/src/configure --disable-checking --enable-werror --prefix=/Applications/Xcode.app/Contents/Developer/usr/llvm-gcc-4.2 --mandir=/share/man --enable-languages=c,objc,c++,obj-c++ --program-prefix=llvm- --program-transform-name=/^[cg][^.-]*$/s/$/-4.2/ --with-slibdir=/usr/lib --build=i686-apple-darwin11 --enable-llvm=/private/var/tmp/llvmgcc42/llvmgcc42-2336.11~182/dst-llvmCore/Developer/usr/local --program-prefix=i686-apple-darwin11- --host=x86_64-apple-darwin11 --target=i686-apple-darwin11 --with-gxx-include-dir=/usr/include/c++/4.2.1
Thread model: posix
gcc version 4.2.1 (Based on Apple Inc. build 5658) (LLVM build 2336.11.00)
configure:11459: $? = 0
configure:11448: g++ -V >&5
llvm-g++-4.2: argument to `-V' is missing
configure:11459: $? = 1
configure:11448: g++ -qversion >&5
i686-apple-darwin11-llvm-g++-4.2: no input files
configure:11459: $? = 1
configure:11463: checking whether we are using the GNU C++ compiler
configure:11482: g++ -c   conftest.cpp >&5
configure:11482: $? = 0
configure:11491: result: yes
configure:11500: checking whether g++ accepts -g
configure:11520: g++ -c -g  conftest.cpp >&5
configure:11520: $? = 0
configure:11561: result: yes
configure:11586: checking dependency style of g++
configure:11697: result: gcc3
configure:11730: checking how to run the C++ preprocessor
configure:11757: g++ -E  conftest.cpp
configure:11757: $? = 0
configure:11771: g++ -E  conftest.cpp
conftest.cpp:23:28: error: ac_nonexistent.h: No such file or directory
configure:11771: $? = 1
configure: failed program was:
| /* confdefs.h */
| #define PACKAGE_NAME "marisa"
| #define PACKAGE_TARNAME "marisa"
| #define PACKAGE_VERSION "0.2.4"
| #define PACKAGE_STRING "marisa 0.2.4"
| #define PACKAGE_BUGREPORT "syata@acm.org"
| #define PACKAGE_URL ""
| #define PACKAGE "marisa"
| #define VERSION "0.2.4"
| #define STDC_HEADERS 1
| #define HAVE_SYS_TYPES_H 1
| #define HAVE_SYS_STAT_H 1
| #define HAVE_STDLIB_H 1
| #define HAVE_STRING_H 1
| #define HAVE_MEMORY_H 1
| #define HAVE_STRINGS_H 1
| #define HAVE_INTTYPES_H 1
| #define HAVE_STDINT_H 1
| #define HAVE_UNISTD_H 1
| #define HAVE_DLFCN_H 1
| #define LT_OBJDIR ".libs/"
| /* end confdefs.h.  */
| #include <ac_nonexistent.h>
configure:11796: result: g++ -E
configure:11816: g++ -E  conftest.cpp
configure:11816: $? = 0
configure:11830: g++ -E  conftest.cpp
conftest.cpp:23:28: error: ac_nonexistent.h: No such file or directory
configure:11830: $? = 1
configure: failed program was:
| /* confdefs.h */
| #define PACKAGE_NAME "marisa"
| #define PACKAGE_TARNAME "marisa"
| #define PACKAGE_VERSION "0.2.4"
| #define PACKAGE_STRING "marisa 0.2.4"
| #define PACKAGE_BUGREPORT "syata@acm.org"
| #define PACKAGE_URL ""
| #define PACKAGE "marisa"
| #define VERSION "0.2.4"
| #define STDC_HEADERS 1
| #define HAVE_SYS_TYPES_H 1
| #define HAVE_SYS_STAT_H 1
| #define HAVE_STDLIB_H 1
| #define HAVE_STRING_H 1
| #define HAVE_MEMORY_H 1
| #define HAVE_STRINGS_H 1
| #define HAVE_INTTYPES_H 1
| #define HAVE_STDINT_H 1
| #define HAVE_UNISTD_H 1
| #define HAVE_DLFCN_H 1
| #define LT_OBJDIR ".libs/"
| /* end confdefs.h.  */
| #include <ac_nonexistent.h>
configure:11999: checking for ld used by g++
configure:12066: result: /usr/llvm-gcc-4.2/libexec/gcc/i686-apple-darwin11/4.2.1/ld
configure:12073: checking if the linker (/usr/llvm-gcc-4.2/libexec/gcc/i686-apple-darwin11/4.2.1/ld) is GNU ld
configure:12088: result: no
configure:12143: checking whether the g++ linker (/usr/llvm-gcc-4.2/libexec/gcc/i686-apple-darwin11/4.2.1/ld) supports shared libraries
configure:13148: result: yes
configure:13184: g++ -c -g -O2  conftest.cpp >&5
configure:13187: $? = 0
configure:13707: checking for g++ option to produce PIC
configure:13714: result: -fno-common -DPIC
configure:13722: checking if g++ PIC flag -fno-common -DPIC works
configure:13740: g++ -c -g -O2  -fno-common -DPIC -DPIC conftest.cpp >&5
configure:13744: $? = 0
configure:13757: result: yes
configure:13780: checking if g++ static flag -static works
configure:13808: result: no
configure:13820: checking if g++ supports -c -o file.o
configure:13841: g++ -c -g -O2  -o out/conftest2.o conftest.cpp >&5
configure:13845: $? = 0
configure:13867: result: yes
configure:13872: checking if g++ supports -c -o file.o
configure:13919: result: yes
configure:13949: checking whether the g++ linker (/usr/llvm-gcc-4.2/libexec/gcc/i686-apple-darwin11/4.2.1/ld) supports shared libraries
configure:13988: result: yes
configure:14129: checking dynamic linker characteristics
configure:14808: result: darwin12.5.0 dyld
configure:14861: checking how to hardcode library paths into programs
configure:14886: result: immediate
configure:14931: checking whether to use SSE2
configure:14945: result: no
configure:14948: checking whether to use SSE3
configure:14962: result: no
configure:14965: checking whether to use SSSE3
configure:14979: result: no
configure:14982: checking whether to use SSE4.1
configure:14996: result: no
configure:14999: checking whether to use SSE4.2
configure:15013: result: no
configure:15016: checking whether to use SSE4
configure:15030: result: no
configure:15033: checking whether to use SSE4a
configure:15047: result: no
configure:15050: checking whether to use popcnt
configure:15064: result: no
configure:15299: creating ./config.status

## ---------------------- ##
## Running config.status. ##
## ---------------------- ##

This file was extended by marisa config.status 0.2.4, which was
generated by GNU Autoconf 2.68.  Invocation command line was

  CONFIG_FILES    = 
  CONFIG_HEADERS  = 
  CONFIG_LINKS    = 
  CONFIG_COMMANDS = 
  $ ./config.status 

on unknown

config.status:1074: creating Makefile
config.status:1074: creating marisa.pc
config.status:1074: creating lib/Makefile
config.status:1074: creating tests/Makefile
config.status:1074: creating tools/Makefile
config.status:1246: executing depfiles commands
config.status:1246: executing libtool commands

## ---------------- ##
## Cache variables. ##
## ---------------- ##

ac_cv_build=x86_64-apple-darwin12.5.0
ac_cv_c_compiler_gnu=yes
ac_cv_cxx_compiler_gnu=yes
ac_cv_env_CCC_set=
ac_cv_env_CCC_value=
ac_cv_env_CC_set=
ac_cv_env_CC_value=
ac_cv_env_CFLAGS_set=
ac_cv_env_CFLAGS_value=
ac_cv_env_CPPFLAGS_set=
ac_cv_env_CPPFLAGS_value=
ac_cv_env_CPP_set=
ac_cv_env_CPP_value=
ac_cv_env_CXXCPP_set=
ac_cv_env_CXXCPP_value=
ac_cv_env_CXXFLAGS_set=
ac_cv_env_CXXFLAGS_value=
ac_cv_env_CXX_set=
ac_cv_env_CXX_value=
ac_cv_env_LDFLAGS_set=
ac_cv_env_LDFLAGS_value=
ac_cv_env_LIBS_set=
ac_cv_env_LIBS_value=
ac_cv_env_build_alias_set=
ac_cv_env_build_alias_value=
ac_cv_env_host_alias_set=
ac_cv_env_host_alias_value=
ac_cv_env_target_alias_set=
ac_cv_env_target_alias_value=
ac_cv_header_dlfcn_h=yes
ac_cv_header_inttypes_h=yes
ac_cv_header_memory_h=yes
ac_cv_header_stdc=yes
ac_cv_header_stdint_h=yes
ac_cv_header_stdlib_h=yes
ac_cv_header_string_h=yes
ac_cv_header_strings_h=yes
ac_cv_header_sys_stat_h=yes
ac_cv_header_sys_types_h=yes
ac_cv_header_unistd_h=yes
ac_cv_host=x86_64-apple-darwin12.5.0
ac_cv_objext=o
ac_cv_path_EGREP='/usr/bin/grep -E'
ac_cv_path_FGREP='/usr/bin/grep -F'
ac_cv_path_GREP=/usr/bin/grep
ac_cv_path_SED=/usr/bin/sed
ac_cv_path_install='/usr/bin/install -c'
ac_cv_prog_AWK=awk
ac_cv_prog_CPP='gcc -E'
ac_cv_prog_CXXCPP='g++ -E'
ac_cv_prog_ac_ct_AR=ar
ac_cv_prog_ac_ct_CC=gcc
ac_cv_prog_ac_ct_CXX=g++
ac_cv_prog_ac_ct_DSYMUTIL=dsymutil
ac_cv_prog_ac_ct_LIPO=lipo
ac_cv_prog_ac_ct_NMEDIT=nmedit
ac_cv_prog_ac_ct_OTOOL=otool
ac_cv_prog_ac_ct_RANLIB=ranlib
ac_cv_prog_ac_ct_STRIP=strip
ac_cv_prog_cc_c89=
ac_cv_prog_cc_g=yes
ac_cv_prog_cxx_g=yes
ac_cv_prog_make_make_set=yes
am_cv_CC_dependencies_compiler_type=gcc3
am_cv_CXX_dependencies_compiler_type=gcc3
lt_cv_apple_cc_single_mod=yes
lt_cv_ar_at_file=no
lt_cv_deplibs_check_method=pass_all
lt_cv_file_magic_cmd='$MAGIC_CMD'
lt_cv_file_magic_test_file=
lt_cv_ld_exported_symbols_list=yes
lt_cv_ld_force_load=yes
lt_cv_ld_reload_flag=-r
lt_cv_nm_interface='BSD nm'
lt_cv_objdir=.libs
lt_cv_path_LD=/usr/llvm-gcc-4.2/libexec/gcc/i686-apple-darwin11/4.2.1/ld
lt_cv_path_LDCXX=/usr/llvm-gcc-4.2/libexec/gcc/i686-apple-darwin11/4.2.1/ld
lt_cv_path_NM=/usr/bin/nm
lt_cv_path_mainfest_tool=no
lt_cv_prog_compiler_c_o=yes
lt_cv_prog_compiler_c_o_CXX=yes
lt_cv_prog_compiler_pic='-fno-common -DPIC'
lt_cv_prog_compiler_pic_CXX='-fno-common -DPIC'
lt_cv_prog_compiler_pic_works=yes
lt_cv_prog_compiler_pic_works_CXX=yes
lt_cv_prog_compiler_rtti_exceptions=no
lt_cv_prog_compiler_static_works=no
lt_cv_prog_compiler_static_works_CXX=no
lt_cv_prog_gnu_ld=no
lt_cv_prog_gnu_ldcxx=no
lt_cv_sharedlib_from_linklib_cmd='printf %s\n'
lt_cv_sys_global_symbol_pipe='sed -n -e '\''s/^.*[	 ]\([BCDEGRST][BCDEGRST]*\)[	 ][	 ]*_\([_A-Za-z][_A-Za-z0-9]*\)$/\1 _\2 \2/p'\'' | sed '\''/ __gnu_lto/d'\'''
lt_cv_sys_global_symbol_to_c_name_address='sed -n -e '\''s/^: \([^ ]*\)[ ]*$/  {\"\1\", (void *) 0},/p'\'' -e '\''s/^[BCDEGRST]* \([^ ]*\) \([^ ]*\)$/  {"\2", (void *) \&\2},/p'\'''
lt_cv_sys_global_symbol_to_c_name_address_lib_prefix='sed -n -e '\''s/^: \([^ ]*\)[ ]*$/  {\"\1\", (void *) 0},/p'\'' -e '\''s/^[BCDEGRST]* \([^ ]*\) \(lib[^ ]*\)$/  {"\2", (void *) \&\2},/p'\'' -e '\''s/^[BCDEGRST]* \([^ ]*\) \([^ ]*\)$/  {"lib\2", (void *) \&\2},/p'\'''
lt_cv_sys_global_symbol_to_cdecl='sed -n -e '\''s/^T .* \(.*\)$/extern int \1();/p'\'' -e '\''s/^[BCDEGRST]* .* \(.*\)$/extern char \1;/p'\'''
lt_cv_sys_max_cmd_len=196608
lt_cv_to_host_file_cmd=func_convert_file_noop
lt_cv_to_tool_file_cmd=func_convert_file_noop

## ----------------- ##
## Output variables. ##
## ----------------- ##

ACLOCAL='${SHELL} /Users/andrew/code/ctf3/level0/marisa-0.2.4/missing --run aclocal-1.11'
AMDEPBACKSLASH='\'
AMDEP_FALSE='#'
AMDEP_TRUE=''
AMTAR='$${TAR-tar}'
AR='ar'
AUTOCONF='${SHELL} /Users/andrew/code/ctf3/level0/marisa-0.2.4/missing --run autoconf'
AUTOHEADER='${SHELL} /Users/andrew/code/ctf3/level0/marisa-0.2.4/missing --run autoheader'
AUTOMAKE='${SHELL} /Users/andrew/code/ctf3/level0/marisa-0.2.4/missing --run automake-1.11'
AWK='awk'
CC='gcc'
CCDEPMODE='depmode=gcc3'
CFLAGS='-g -O2'
CPP='gcc -E'
CPPFLAGS=''
CXX='g++'
CXXCPP='g++ -E'
CXXDEPMODE='depmode=gcc3'
CXXFLAGS='-g -O2'
CYGPATH_W='echo'
DEFS='-DPACKAGE_NAME=\"marisa\" -DPACKAGE_TARNAME=\"marisa\" -DPACKAGE_VERSION=\"0.2.4\" -DPACKAGE_STRING=\"marisa\ 0.2.4\" -DPACKAGE_BUGREPORT=\"syata@acm.org\" -DPACKAGE_URL=\"\" -DPACKAGE=\"marisa\" -DVERSION=\"0.2.4\" -DSTDC_HEADERS=1 -DHAVE_SYS_TYPES_H=1 -DHAVE_SYS_STAT_H=1 -DHAVE_STDLIB_H=1 -DHAVE_STRING_H=1 -DHAVE_MEMORY_H=1 -DHAVE_STRINGS_H=1 -DHAVE_INTTYPES_H=1 -DHAVE_STDINT_H=1 -DHAVE_UNISTD_H=1 -DHAVE_DLFCN_H=1 -DLT_OBJDIR=\".libs/\"'
DEPDIR='.deps'
DLLTOOL='false'
DSYMUTIL='dsymutil'
DUMPBIN=''
ECHO_C='\c'
ECHO_N=''
ECHO_T=''
EGREP='/usr/bin/grep -E'
EXEEXT=''
FGREP='/usr/bin/grep -F'
GREP='/usr/bin/grep'
INSTALL_DATA='${INSTALL} -m 644'
INSTALL_PROGRAM='${INSTALL}'
INSTALL_SCRIPT='${INSTALL}'
INSTALL_STRIP_PROGRAM='$(install_sh) -c -s'
LD='/usr/llvm-gcc-4.2/libexec/gcc/i686-apple-darwin11/4.2.1/ld'
LDFLAGS=''
LIBOBJS=''
LIBS=''
LIBTOOL='$(SHELL) $(top_builddir)/libtool'
LIPO='lipo'
LN_S='ln -s'
LTLIBOBJS=''
MAKEINFO='${SHELL} /Users/andrew/code/ctf3/level0/marisa-0.2.4/missing --run makeinfo'
MANIFEST_TOOL=':'
MKDIR_P='./install-sh -c -d'
NM='/usr/bin/nm'
NMEDIT='nmedit'
OBJDUMP='false'
OBJEXT='o'
OTOOL64=':'
OTOOL='otool'
PACKAGE='marisa'
PACKAGE_BUGREPORT='syata@acm.org'
PACKAGE_NAME='marisa'
PACKAGE_STRING='marisa 0.2.4'
PACKAGE_TARNAME='marisa'
PACKAGE_URL=''
PACKAGE_VERSION='0.2.4'
PATH_SEPARATOR=':'
RANLIB='ranlib'
SED='/usr/bin/sed'
SET_MAKE=''
SHELL='/bin/sh'
STRIP='strip'
VERSION='0.2.4'
ac_ct_AR='ar'
ac_ct_CC='gcc'
ac_ct_CXX='g++'
ac_ct_DUMPBIN=''
am__EXEEXT_FALSE=''
am__EXEEXT_TRUE='#'
am__fastdepCC_FALSE='#'
am__fastdepCC_TRUE=''
am__fastdepCXX_FALSE='#'
am__fastdepCXX_TRUE=''
am__include='include'
am__isrc=''
am__leading_dot='.'
am__nodep='_no'
am__quote=''
am__tar='$${TAR-tar} chof - "$$tardir"'
am__untar='$${TAR-tar} xf -'
bindir='${exec_prefix}/bin'
build='x86_64-apple-darwin12.5.0'
build_alias=''
build_cpu='x86_64'
build_os='darwin12.5.0'
build_vendor='apple'
datadir='${datarootdir}'
datarootdir='${prefix}/share'
docdir='${datarootdir}/doc/${PACKAGE_TARNAME}'
dvidir='${docdir}'
exec_prefix='${prefix}'
host='x86_64-apple-darwin12.5.0'
host_alias=''
host_cpu='x86_64'
host_os='darwin12.5.0'
host_vendor='apple'
htmldir='${docdir}'
includedir='${prefix}/include'
infodir='${datarootdir}/info'
install_sh='${SHELL} /Users/andrew/code/ctf3/level0/marisa-0.2.4/install-sh'
libdir='${exec_prefix}/lib'
libexecdir='${exec_prefix}/libexec'
localedir='${datarootdir}/locale'
localstatedir='${prefix}/var'
mandir='${datarootdir}/man'
mkdir_p='$(top_builddir)/./install-sh -c -d'
oldincludedir='/usr/include'
pdfdir='${docdir}'
prefix='/usr/local'
program_transform_name='s,x,x,'
psdir='${docdir}'
sbindir='${exec_prefix}/sbin'
sharedstatedir='${prefix}/com'
sysconfdir='${prefix}/etc'
target_alias=''

## ----------- ##
## confdefs.h. ##
## ----------- ##

/* confdefs.h */
#define PACKAGE_NAME "marisa"
#define PACKAGE_TARNAME "marisa"
#define PACKAGE_VERSION "0.2.4"
#define PACKAGE_STRING "marisa 0.2.4"
#define PACKAGE_BUGREPORT "syata@acm.org"
#define PACKAGE_URL ""
#define PACKAGE "marisa"
#define VERSION "0.2.4"
#define STDC_HEADERS 1
#define HAVE_SYS_TYPES_H 1
#define HAVE_SYS_STAT_H 1
#define HAVE_STDLIB_H 1
#define HAVE_STRING_H 1
#define HAVE_MEMORY_H 1
#define HAVE_STRINGS_H 1
#define HAVE_INTTYPES_H 1
#define HAVE_STDINT_H 1
#define HAVE_UNISTD_H 1
#define HAVE_DLFCN_H 1
#define LT_OBJDIR ".libs/"

configure: exit 0
